<?xml version="1.0" encoding="UTF-8"?>
<!-- Generated by org.testng.reporters.JUnitReportReporter -->
<testsuite hostname="Dell-Inspiron-3505" failures="0" tests="2" name="tdd.approach.DatePicker" time="4.956" errors="0" timestamp="2022-09-10T11:36:24 IST" skipped="0">
  <testcase classname="tdd.approach.DatePicker" name="datePickerFrom" time="1.622"/>
  <system-out/>
  <testcase classname="tdd.approach.DatePicker" name="datePickerTo" time="3.334"/>
  <system-out/>
</testsuite> <!-- tdd.approach.DatePicker -->
