<?xml version="1.0" encoding="UTF-8"?>
<!-- Generated by org.testng.reporters.JUnitReportReporter -->
<testsuite hostname="Dell-Inspiron-3505" failures="0" tests="1" name="runner.RunCuke" time="19.659" errors="0" timestamp="2022-09-11T10:21:25 IST" skipped="0">
  <testcase classname="runner.RunCuke" name="runScenario" time="19.659"/>
  <system-out/>
</testsuite> <!-- runner.RunCuke -->
