<?xml version="1.0" encoding="UTF-8"?>
<!-- Generated by org.testng.reporters.JUnitReportReporter -->
<testsuite hostname="Dell-Inspiron-3505" failures="0" tests="3" name="tdd.approach.RightClickDoubleClick" time="10.393" errors="0" timestamp="2022-09-11T09:28:36 IST" skipped="2">
  <testcase classname="tdd.approach.RightClickDoubleClick" name="doubleClickSelect" time="10.393"/>
  <system-out/>
  <testcase classname="tdd.approach.RightClickDoubleClick" name="singleClick">
    <skipped/>
  </testcase> <!-- singleClick -->
  <system-out/>
  <testcase classname="tdd.approach.RightClickDoubleClick" name="doubleClick">
    <skipped/>
  </testcase> <!-- doubleClick -->
  <system-out/>
</testsuite> <!-- tdd.approach.RightClickDoubleClick -->
